<?xml version="1.0" encoding="UTF-8"?>
<testsuite xmlns:xsi="http://www.w3.org/2001/XMLSchema-instance" xsi:noNamespaceSchemaLocation="https://maven.apache.org/surefire/maven-surefire-plugin/xsd/surefire-test-report-3.0.xsd" version="3.0" name="GetDiskInfoTest" time="1.433" tests="1" errors="0" skipped="0" failures="0">
  <properties>
[...]
</properties>
  <testcase name="testGetDiskInfoPositive" classname="GetDiskInfoTest" time="0.324">
    <system-out><![CDATA[Request method:	GET
Request URI:	https://cloud-api.yandex.net/v1/disk
Proxy:			<none>
Request params:	<none>
Query params:	<none>
Form params:	<none>
Path params:	<none>
Headers:		Authorization=OAuth y0__wgBEJX2i6MGGNuWAyC7zMCzGDDplIqVCLJjIdrNnKU7G7rRBmVhq0vEvI4H
				Accept=application/json, application/javascript, text/javascript, text/json
Cookies:		<none>
Multiparts:		<none>
Body:			<none>
HTTP/1.1 200 OK
Cache-Control: no-cache
Access-Control-Allow-Methods: GET, OPTIONS
Yandex-Cloud-Request-ID: rest-2b205cdf664634900b8ee9005754598f-disk-api-stable-extapi-32
Content-Encoding: gzip
Access-Control-Allow-Origin: *
Strict-Transport-Security: max-age=31536000; preload
Access-Control-Allow-Credentials: true
Access-Control-Allow-Headers: X-Uid, X-Borigin, Accept, X-HTTP-Method, Authorization, Content-Type, X-Requested-With, Accept-Language
Set-Cookie: _yasc=gPWR3dGzJOFeExYSk37N/g9s4gXqU6GxKN3KgbgkAWw72c3gNgNdp193ezw7OcFzy6s=; domain=.yandex.net; path=/; expires=Mon, 21 Jul 2036 21:50:37 GMT; SameSite=None; Secure
Content-Type: application/json; charset=utf-8
NEL: {"report_to": "network-errors", "max_age": 604800, "success_fraction": 0.005, "failure_fraction": 0.5}
Vary: Accept-Encoding
Date: Fri, 24 Jul 2026 21:50:37 GMT
Report-To: {"group": "network-errors", "max_age": 604800, "endpoints": [{"url": "https://dr.yandex.net/ya360/nel", "priority": 1}, {"url": "https://dr2.yandex.net/ya360/nel", "priority": 2}]}
Transfer-Encoding: chunked

{
    "total_space": 5368709120,
    "used_space": 3691252185,
    "trash_size": 0,
    "max_file_size": 1073741824,
    "paid_max_file_size": 53687091200,
    "photounlim_size": 0,
    "system_folders": {
        "downloads": "disk:/Загрузки/",
        "applications": "disk:/Приложения",
        "screenshots": "disk:/Скриншоты/",
        "photostream": "disk:/Фотокамера/",
        "social": "disk:/Социальные сети/",
        "facebook": "disk:/Социальные сети/Facebook",
        "google": "disk:/Социальные сети/Google+",
        "instagram": "disk:/Социальные сети/Instagram",
        "vkontakte": "disk:/Социальные сети/ВКонтакте",
        "mailru": "disk:/Социальные сети/Мой Мир",
        "odnoklassniki": "disk:/Социальные сети/Одноклассники",
        "scans": "disk:/Сканы",
        "attach": "disk:/Почтовые вложения",
        "messenger": "disk:/Файлы Мессенджера",
        "calendar": "disk:/Материалы встреч"
    },
    "is_paid": false,
    "revision": 1784929836865021,
    "user": {
        "uid": "1684208405",
        "login": "naminari",
        "display_name": "Леонид Иванов",
        "country": "ru",
        "is_child": false,
        "reg_time": "2022-10-25T19:37:12+00:00"
    },
    "unlimited_autoupload_enabled": false,
    "reg_time": "2022-10-25T19:37:12+00:00",
    "is_idm_managed_public_access": false,
    "is_idm_managed_folder_address_access": false,
    "is_sync_shared_folder_desktop": false,
    "is_sync_vd_desktop": false,
    "payment_flow": true,
    "hide_screenshots_in_photoslice": false,
    "is_legal_entity": false,
    "monthly_traffic_limit": 2,
    "monthly_traffic_limit_upgrades": {
        "pro": 3
    },
    "file_size_limit_upgrades": {
        "paid": 53687091200,
        "pro": 107374182400
    },
    "disk_size": 3691252185
}
]]></system-out>
  </testcase>
</testsuite>