<?xml version="1.0" encoding="UTF-8"?>
<testsuite xmlns:xsi="http://www.w3.org/2001/XMLSchema-instance" xsi:noNamespaceSchemaLocation="https://maven.apache.org/surefire/maven-surefire-plugin/xsd/surefire-test-report-3.0.xsd" version="3.0" name="DeleteFileTest" time="43.82" tests="6" errors="0" skipped="0" failures="0">
  <properties>
[...]
</properties>
  <testcase name="testMoveFileToTrash" classname="DeleteFileTest" time="3.88"/>
  <testcase name="testDeleteEmptyFile" classname="DeleteFileTest" time="1.858"/>
  <testcase name="testDeleteLargeFilePositive" classname="DeleteFileTest" time="18.286"/>
  <testcase name="testRepeatedDeleteDuringAsyncOperation" classname="DeleteFileTest" time="18.104"/>
  <testcase name="testDeleteFileEmptyPath" classname="DeleteFileTest" time="0.192"/>
  <testcase name="testDeleteNonExistentFile" classname="DeleteFileTest" time="0.324"/>
</testsuite>