<?xml version="1.0" encoding="UTF-8"?>
<testsuite xmlns:xsi="http://www.w3.org/2001/XMLSchema-instance" xsi:noNamespaceSchemaLocation="https://maven.apache.org/surefire/maven-surefire-plugin/xsd/surefire-test-report-3.0.xsd" version="3.0" name="CreateDirTest" time="8.677" tests="8" errors="0" skipped="0" failures="0">
  <properties>
[...]
</properties>
  <testcase name="testCreateDirWithUnicodeName" classname="CreateDirTest" time="1.627"/>
  <testcase name="testCreateDirAlreadyExists" classname="CreateDirTest" time="0.647"/>
  <testcase name="testCreateDirNameTooLong" classname="CreateDirTest" time="0.467">
    <system-out><![CDATA[Request method:	PUT
Request URI:	https://cloud-api.yandex.net/v1/disk/resources?path=disk%3A%2Ftest_CreateDir%2Faaaaaaaaaaaaaaaaaaaaaaaaaaaaaaaaaaaaaaaaaaaaaaaaaaaaaaaaaaaaaaaaaaaaaaaaaaaaaaaaaaaaaaaaaaaaaaaaaaaaaaaaaaaaaaaaaaaaaaaaaaaaaaaaaaaaaaaaaaaaaaaaaaaaaaaaaaaaaaaaaaaaaaaaaaaaaaaaaaaaaaaaaaaaaaaaaaaaaaaaaaaaaaaaaaaaaaaaaaaaaaaaaaaaaaaaaaaaaaaaaaaaaaaaaaaaaaaa
Proxy:			<none>
Request params:	<none>
Query params:	path=disk:/test_CreateDir/aaaaaaaaaaaaaaaaaaaaaaaaaaaaaaaaaaaaaaaaaaaaaaaaaaaaaaaaaaaaaaaaaaaaaaaaaaaaaaaaaaaaaaaaaaaaaaaaaaaaaaaaaaaaaaaaaaaaaaaaaaaaaaaaaaaaaaaaaaaaaaaaaaaaaaaaaaaaaaaaaaaaaaaaaaaaaaaaaaaaaaaaaaaaaaaaaaaaaaaaaaaaaaaaaaaaaaaaaaaaaaaaaaaaaaaaaaaaaaaaaaaaaaaaaaaaaaaa
Form params:	<none>
Path params:	<none>
Headers:		Authorization=OAuth y0__wgBEJX2i6MGGNuWAyC7zMCzGDDplIqVCLJjIdrNnKU7G7rRBmVhq0vEvI4H
				Accept=application/json, application/javascript, text/javascript, text/json
Cookies:		<none>
Multiparts:		<none>
Body:			<none>
HTTP/1.1 404 NOT FOUND
Report-To: {"group": "network-errors", "max_age": 604800, "endpoints": [{"url": "https://dr.yandex.net/ya360/nel", "priority": 1}, {"url": "https://dr2.yandex.net/ya360/nel", "priority": 2}]}
Yandex-Cloud-Request-ID: rest-b886ea549ca6587583cd35ec966805a6-disk-api-stable-extapi-626
Content-Encoding: gzip
Transfer-Encoding: chunked
Set-Cookie: _yasc=y7SW07bkWzahll9teFDxvpSJdUGkjJlH9SrUkeYm4mVMhYYOxfmkAc20U50/KfGQq74=; domain=.yandex.net; path=/; expires=Mon, 21 Jul 2036 21:49:47 GMT; SameSite=None; Secure
NEL: {"report_to": "network-errors", "max_age": 604800, "success_fraction": 0.005, "failure_fraction": 0.5}
Content-Type: application/json
Cache-Control: no-cache
Strict-Transport-Security: max-age=31536000; preload
Access-Control-Allow-Headers: Accept-Language, X-HTTP-Method, X-Uid, Content-Type, X-Requested-With, X-Borigin, Authorization, Accept
Access-Control-Allow-Credentials: true
Access-Control-Allow-Origin: *
Access-Control-Allow-Methods: GET, POST, PUT, PATCH, DELETE, OPTIONS
Date: Fri, 24 Jul 2026 21:49:47 GMT
Vary: Accept-Encoding

{
    "error": "DiskNotFoundError",
    "description": "Resource not found.",
    "message": "Не удалось найти запрошенный ресурс."
}
]]></system-out>
  </testcase>
  <testcase name="testCreateDirInvalidPath(String, int)[1]" classname="CreateDirTest" time="0.421"/>
  <testcase name="testCreateDirInvalidPath(String, int)[2]" classname="CreateDirTest" time="0.301"/>
  <testcase name="testCreateDirInNonExistentParent" classname="CreateDirTest" time="0.278"/>
  <testcase name="testCreateDirPositive" classname="CreateDirTest" time="0.746"/>
  <testcase name="testCreateDirNameExactlyMaxLength" classname="CreateDirTest" time="0.442"/>
</testsuite>